Watching for file changes with StatReloader
"GET / HTTP/1.1" 200 200
Not Found: /index/
"GET /index/ HTTP/1.1" 404 2435
"GET /%D0%B3%D0%BB%D0%B0%D0%B2%D0%BD%D0%B0%D1%8F/ HTTP/1.1" 200 22
"GET / HTTP/1.1" 200 200
/Users/alexanderzagaynov/PycharmProjects/Django_Project/myproject/myapp/views.py changed, reloading.
Watching for file changes with StatReloader
Not Found: /docs
"GET /docs HTTP/1.1" 404 2593
Not Found: /data/
"GET /data/ HTTP/1.1" 404 2596
Not Found: /info/
"GET /info/ HTTP/1.1" 404 2596
Not Found: /info/
"GET /info/ HTTP/1.1" 404 2596
/Users/alexanderzagaynov/PycharmProjects/Django_Project/myproject/myapp/urls.py changed, reloading.
Watching for file changes with StatReloader
"GET / HTTP/1.1" 200 200
"GET /alexander HTTP/1.1" 301 0
"GET /alexander/ HTTP/1.1" 200 92
"GET / HTTP/1.1" 200 200
/Users/alexanderzagaynov/PycharmProjects/Django_Project/myproject/myapp/views.py changed, reloading.
Watching for file changes with StatReloader
/Users/alexanderzagaynov/PycharmProjects/Django_Project/myproject/myproject/settings.py changed, reloading.
